<?xml version="1.0" encoding="UTF-8"?>
<!-- Generated by org.testng.reporters.JUnitXMLReporter -->
<testsuite ignored="0" hostname="wws-cpu-202212-36" failures="0" tests="11" name="Surefire test" time="21.988" errors="0" timestamp="2026-04-17T15:42:35 IST">
  <testcase classname="com.mycompany.app.EditProfileTest" name="@BeforeMethod setupTest" time="18.621">
    <failure type="org.openqa.selenium.TimeoutException" message="Expected condition failed: waiting for presence of element found by By.xpath: //*[@text=&amp;apos;Edit Profile&amp;apos;]
(tried for 15 seconds with 500 milliseconds interval)
Build info: version: &amp;apos;4.43.0&amp;apos;, revision: &amp;apos;dd0f534&amp;apos;
System info: os.name: &amp;apos;Linux&amp;apos;, os.arch: &amp;apos;amd64&amp;apos;, os.version: &amp;apos;6.17.0-20-generic&amp;apos;, java.version: &amp;apos;21.0.10&amp;apos;
Driver info: io.appium.java_client.android.AndroidDriver
Capabilities {appium:appActivity: .MainActivity, appium:appPackage: satheia.app.ai, appium:appWaitDuration: 60000, appium:autoGrantPermissions: true, appium:automationName: UiAutomator2, appium:databaseEnabled: false, appium:desired: {appActivity: .MainActivity, appPackage: satheia.app.ai, appWaitDuration: 60000, autoGrantPermissions: true, automationName: UiAutomator2, deviceName: R9ZY20S3CJA, noReset: true, platformName: ANDROID, platformVersion: 16}, appium:deviceApiLevel: 36, appium:deviceManufacturer: samsung, appium:deviceModel: SM-E166P, appium:deviceName: R9ZY20S3CJA, appium:deviceScreenDensity: 420, appium:deviceScreenSize: 1080x2340, appium:deviceUDID: R9ZY20S3CJA, appium:javascriptEnabled: true, appium:locationContextEnabled: false, appium:networkConnectionEnabled: true, appium:noReset: true, appium:pixelRatio: 2.625, appium:platformVersion: 16, appium:statBarHeight: 96, appium:takesScreenshot: true, appium:viewportRect: {height: 2244, left: 0, top: 96, width: 1080}, appium:warnings: {}, appium:webStorageEnabled: false, platformName: ANDROID}
Session ID: 745e01d0-7e36-4327-9bb8-eff376b1f2ec">
      <![CDATA[org.openqa.selenium.TimeoutException: Expected condition failed: waiting for presence of element found by By.xpath: //*[@text='Edit Profile']
(tried for 15 seconds with 500 milliseconds interval)
Build info: version: '4.43.0', revision: 'dd0f534'
System info: os.name: 'Linux', os.arch: 'amd64', os.version: '6.17.0-20-generic', java.version: '21.0.10'
Driver info: io.appium.java_client.android.AndroidDriver
Capabilities {appium:appActivity: .MainActivity, appium:appPackage: satheia.app.ai, appium:appWaitDuration: 60000, appium:autoGrantPermissions: true, appium:automationName: UiAutomator2, appium:databaseEnabled: false, appium:desired: {appActivity: .MainActivity, appPackage: satheia.app.ai, appWaitDuration: 60000, autoGrantPermissions: true, automationName: UiAutomator2, deviceName: R9ZY20S3CJA, noReset: true, platformName: ANDROID, platformVersion: 16}, appium:deviceApiLevel: 36, appium:deviceManufacturer: samsung, appium:deviceModel: SM-E166P, appium:deviceName: R9ZY20S3CJA, appium:deviceScreenDensity: 420, appium:deviceScreenSize: 1080x2340, appium:deviceUDID: R9ZY20S3CJA, appium:javascriptEnabled: true, appium:locationContextEnabled: false, appium:networkConnectionEnabled: true, appium:noReset: true, appium:pixelRatio: 2.625, appium:platformVersion: 16, appium:statBarHeight: 96, appium:takesScreenshot: true, appium:viewportRect: {height: 2244, left: 0, top: 96, width: 1080}, appium:warnings: {}, appium:webStorageEnabled: false, platformName: ANDROID}
Session ID: 745e01d0-7e36-4327-9bb8-eff376b1f2ec
at org.openqa.selenium.support.ui.WebDriverWait.timeoutException(WebDriverWait.java:85)
at org.openqa.selenium.support.ui.FluentWait.until(FluentWait.java:234)
at com.mycompany.app.EditProfilePage.isEditProfileScreenDisplayed(EditProfilePage.java:34)
at com.mycompany.app.EditProfileTest.setupTest(EditProfileTest.java:40)
at java.base/java.util.ArrayList.forEach(ArrayList.java:1596)
... Removed 34 stack frames]]>
    </failure>
  </testcase> <!-- @BeforeMethod setupTest -->
  <testcase classname="com.mycompany.app.BaseTest" name="@AfterMethod screenshotOnFailure" time="0.0">
    <skipped/>
  </testcase> <!-- @AfterMethod screenshotOnFailure -->
  <testcase classname="com.mycompany.app.EditProfileTest" name="@BeforeMethod setupTest" time="0.0">
    <skipped/>
  </testcase> <!-- @BeforeMethod setupTest -->
  <testcase classname="com.mycompany.app.BaseTest" name="@AfterMethod screenshotOnFailure" time="0.0">
    <skipped/>
  </testcase> <!-- @AfterMethod screenshotOnFailure -->
  <testcase classname="com.mycompany.app.EditProfileTest" name="@BeforeMethod setupTest" time="0.0">
    <skipped/>
  </testcase> <!-- @BeforeMethod setupTest -->
  <testcase classname="com.mycompany.app.BaseTest" name="@AfterMethod screenshotOnFailure" time="0.0">
    <skipped/>
  </testcase> <!-- @AfterMethod screenshotOnFailure -->
  <testcase classname="com.mycompany.app.EditProfileTest" name="@BeforeMethod setupTest" time="0.0">
    <skipped/>
  </testcase> <!-- @BeforeMethod setupTest -->
  <testcase classname="com.mycompany.app.BaseTest" name="@AfterMethod screenshotOnFailure" time="0.0">
    <skipped/>
  </testcase> <!-- @AfterMethod screenshotOnFailure -->
  <testcase classname="com.mycompany.app.EditProfileTest" name="@BeforeMethod setupTest" time="0.0">
    <skipped/>
  </testcase> <!-- @BeforeMethod setupTest -->
  <testcase classname="com.mycompany.app.BaseTest" name="@AfterMethod screenshotOnFailure" time="0.0">
    <skipped/>
  </testcase> <!-- @AfterMethod screenshotOnFailure -->
  <testcase classname="com.mycompany.app.EditProfileTest" name="@BeforeMethod setupTest" time="0.0">
    <skipped/>
  </testcase> <!-- @BeforeMethod setupTest -->
  <testcase classname="com.mycompany.app.BaseTest" name="@AfterMethod screenshotOnFailure" time="0.0">
    <skipped/>
  </testcase> <!-- @AfterMethod screenshotOnFailure -->
  <testcase classname="com.mycompany.app.EditProfileTest" name="@BeforeMethod setupTest" time="0.0">
    <skipped/>
  </testcase> <!-- @BeforeMethod setupTest -->
  <testcase classname="com.mycompany.app.BaseTest" name="@AfterMethod screenshotOnFailure" time="0.0">
    <skipped/>
  </testcase> <!-- @AfterMethod screenshotOnFailure -->
  <testcase classname="com.mycompany.app.EditProfileTest" name="@BeforeMethod setupTest" time="0.0">
    <skipped/>
  </testcase> <!-- @BeforeMethod setupTest -->
  <testcase classname="com.mycompany.app.BaseTest" name="@AfterMethod screenshotOnFailure" time="0.0">
    <skipped/>
  </testcase> <!-- @AfterMethod screenshotOnFailure -->
  <testcase classname="com.mycompany.app.EditProfileTest" name="@BeforeMethod setupTest" time="0.0">
    <skipped/>
  </testcase> <!-- @BeforeMethod setupTest -->
  <testcase classname="com.mycompany.app.BaseTest" name="@AfterMethod screenshotOnFailure" time="0.0">
    <skipped/>
  </testcase> <!-- @AfterMethod screenshotOnFailure -->
  <testcase classname="com.mycompany.app.EditProfileTest" name="@BeforeMethod setupTest" time="0.0">
    <skipped/>
  </testcase> <!-- @BeforeMethod setupTest -->
  <testcase classname="com.mycompany.app.BaseTest" name="@AfterMethod screenshotOnFailure" time="0.0">
    <skipped/>
  </testcase> <!-- @AfterMethod screenshotOnFailure -->
  <testcase classname="com.mycompany.app.EditProfileTest" name="@BeforeMethod setupTest" time="0.0">
    <skipped/>
  </testcase> <!-- @BeforeMethod setupTest -->
  <testcase classname="com.mycompany.app.BaseTest" name="@AfterMethod screenshotOnFailure" time="0.0">
    <skipped/>
  </testcase> <!-- @AfterMethod screenshotOnFailure -->
  <testcase classname="com.mycompany.app.BaseTest" name="@AfterClass teardown" time="0.0">
    <skipped/>
  </testcase> <!-- @AfterClass teardown -->
  <testcase classname="com.mycompany.app.EditProfileTest" name="TC_EP_DECIMAL_VALIDATION" time="0.0">
    <skipped/>
  </testcase> <!-- TC_EP_DECIMAL_VALIDATION -->
  <testcase classname="com.mycompany.app.EditProfileTest" name="TC_EP_EMPTY_EXPENSES" time="0.0">
    <skipped/>
  </testcase> <!-- TC_EP_EMPTY_EXPENSES -->
  <testcase classname="com.mycompany.app.EditProfileTest" name="TC_EP_EMPTY_INCOME" time="0.0">
    <skipped/>
  </testcase> <!-- TC_EP_EMPTY_INCOME -->
  <testcase classname="com.mycompany.app.EditProfileTest" name="TC_EP_EMPTY_NAME" time="0.0">
    <skipped/>
  </testcase> <!-- TC_EP_EMPTY_NAME -->
  <testcase classname="com.mycompany.app.EditProfileTest" name="TC_EP_HAPPY_PATH" time="0.0">
    <skipped/>
  </testcase> <!-- TC_EP_HAPPY_PATH -->
  <testcase classname="com.mycompany.app.EditProfileTest" name="TC_EP_INCOME_LESS_THAN_EXPENSE" time="0.0">
    <skipped/>
  </testcase> <!-- TC_EP_INCOME_LESS_THAN_EXPENSE -->
  <testcase classname="com.mycompany.app.EditProfileTest" name="TC_EP_INVALID_CHARS_IN_NAME" time="0.0">
    <skipped/>
  </testcase> <!-- TC_EP_INVALID_CHARS_IN_NAME -->
  <testcase classname="com.mycompany.app.EditProfileTest" name="TC_EP_NEGATIVE_INCOME" time="0.0">
    <skipped/>
  </testcase> <!-- TC_EP_NEGATIVE_INCOME -->
  <testcase classname="com.mycompany.app.EditProfileTest" name="TC_EP_SAVE_WITHOUT_CHANGES" time="0.0">
    <skipped/>
  </testcase> <!-- TC_EP_SAVE_WITHOUT_CHANGES -->
  <testcase classname="com.mycompany.app.EditProfileTest" name="TC_EP_SHORT_NAME" time="0.0">
    <skipped/>
  </testcase> <!-- TC_EP_SHORT_NAME -->
  <testcase classname="com.mycompany.app.EditProfileTest" name="TC_EP_ZERO_EXPENSES" time="0.0">
    <skipped/>
  </testcase> <!-- TC_EP_ZERO_EXPENSES -->
</testsuite> <!-- Surefire test -->
