<?xml version="1.0" encoding="UTF-8"?>
<!-- Generated by org.testng.reporters.JUnitXMLReporter -->
<testsuite ignored="0" hostname="wws-cpu-202212-36" failures="1" tests="2" name="Login Tests" time="56.685" errors="0" timestamp="2026-04-17T15:01:48 IST">
  <testcase classname="com.mycompany.app.BaseTest" name="@BeforeClass setup" time="10.991">
    <failure type="org.openqa.selenium.SessionNotCreatedException" message="Could not start a new session. Response code 500. Message: Error executing adbExec. Original error: &amp;apos;Command &amp;apos;/home/wadmin/Android/Sdk/platform-tools/adb -P 5037 -s b87adca4e724 install -r --no-incremental /home/wadmin/.appium/node_modules/appium-uiautomator2-driver/node_modules/appium-uiautomator2-server/apks/appium-uiautomator2-server-v9.11.1.apk&amp;apos; exited with code 1&amp;apos;; Command output: adb: failed to install /home/wadmin/.appium/node_modules/appium-uiautomator2-driver/node_modules/appium-uiautomator2-server/apks/appium-uiautomator2-server-v9.11.1.apk: 
 
Host info: host: &amp;apos;wws-cpu-202212-36&amp;apos;, ip: &amp;apos;127.0.1.1&amp;apos;
Build info: version: &amp;apos;4.43.0&amp;apos;, revision: &amp;apos;dd0f534&amp;apos;
System info: os.name: &amp;apos;Linux&amp;apos;, os.arch: &amp;apos;amd64&amp;apos;, os.version: &amp;apos;6.17.0-20-generic&amp;apos;, java.version: &amp;apos;21.0.10&amp;apos;
Driver info: io.appium.java_client.android.AndroidDriver
Command: [null, newSession {capabilities=[Capabilities {appium:appActivity: .MainActivity, appium:appPackage: satheia.app.ai, appium:appWaitDuration: 60000, appium:autoGrantPermissions: true, appium:automationName: UiAutomator2, appium:deviceName: b87adca4e724, appium:noReset: true, appium:platformVersion: 15, platformName: ANDROID}]}]
Capabilities {appium:appActivity: .MainActivity, appium:appPackage: satheia.app.ai, appium:appWaitDuration: 60000, appium:autoGrantPermissions: true, appium:automationName: UiAutomator2, appium:deviceName: b87adca4e724, appium:noReset: true, appium:platformVersion: 15, platformName: ANDROID}">
      <![CDATA[org.openqa.selenium.SessionNotCreatedException: Could not start a new session. Response code 500. Message: Error executing adbExec. Original error: 'Command '/home/wadmin/Android/Sdk/platform-tools/adb -P 5037 -s b87adca4e724 install -r --no-incremental /home/wadmin/.appium/node_modules/appium-uiautomator2-driver/node_modules/appium-uiautomator2-server/apks/appium-uiautomator2-server-v9.11.1.apk' exited with code 1'; Command output: adb: failed to install /home/wadmin/.appium/node_modules/appium-uiautomator2-driver/node_modules/appium-uiautomator2-server/apks/appium-uiautomator2-server-v9.11.1.apk: 
 
Host info: host: 'wws-cpu-202212-36', ip: '127.0.1.1'
Build info: version: '4.43.0', revision: 'dd0f534'
System info: os.name: 'Linux', os.arch: 'amd64', os.version: '6.17.0-20-generic', java.version: '21.0.10'
Driver info: io.appium.java_client.android.AndroidDriver
Command: [null, newSession {capabilities=[Capabilities {appium:appActivity: .MainActivity, appium:appPackage: satheia.app.ai, appium:appWaitDuration: 60000, appium:autoGrantPermissions: true, appium:automationName: UiAutomator2, appium:deviceName: b87adca4e724, appium:noReset: true, appium:platformVersion: 15, platformName: ANDROID}]}]
Capabilities {appium:appActivity: .MainActivity, appium:appPackage: satheia.app.ai, appium:appWaitDuration: 60000, appium:autoGrantPermissions: true, appium:automationName: UiAutomator2, appium:deviceName: b87adca4e724, appium:noReset: true, appium:platformVersion: 15, platformName: ANDROID}
at org.openqa.selenium.remote.ProtocolHandshake.createSession(ProtocolHandshake.java:114)
at org.openqa.selenium.remote.ProtocolHandshake.createSession(ProtocolHandshake.java:75)
at org.openqa.selenium.remote.ProtocolHandshake.createSession(ProtocolHandshake.java:61)
at io.appium.java_client.remote.AppiumCommandExecutor.createSession(AppiumCommandExecutor.java:170)
at io.appium.java_client.remote.AppiumCommandExecutor.execute(AppiumCommandExecutor.java:235)
at org.openqa.selenium.remote.RemoteWebDriver.execute(RemoteWebDriver.java:606)
at io.appium.java_client.AppiumDriver.startSession(AppiumDriver.java:308)
at org.openqa.selenium.remote.RemoteWebDriver.<init>(RemoteWebDriver.java:213)
at org.openqa.selenium.remote.RemoteWebDriver.<init>(RemoteWebDriver.java:199)
at io.appium.java_client.AppiumDriver.<init>(AppiumDriver.java:98)
at io.appium.java_client.AppiumDriver.<init>(AppiumDriver.java:109)
at io.appium.java_client.android.AndroidDriver.<init>(AndroidDriver.java:108)
at com.mycompany.app.BaseTest.setup(BaseTest.java:42)
at java.base/java.util.ArrayList.forEach(ArrayList.java:1596)
... Removed 27 stack frames]]>
    </failure>
  </testcase> <!-- @BeforeClass setup -->
  <testcase classname="com.mycompany.app.BaseTest" name="@AfterMethod screenshotOnFailure" time="0.0">
    <skipped/>
  </testcase> <!-- @AfterMethod screenshotOnFailure -->
  <testcase classname="com.mycompany.app.BaseTest" name="@AfterClass teardown" time="0.0">
    <skipped/>
  </testcase> <!-- @AfterClass teardown -->
  <testcase classname="com.mycompany.app.LoginTest" name="testSuccessfulLoginFlow" time="0.0">
    <skipped/>
  </testcase> <!-- testSuccessfulLoginFlow -->
  <testcase classname="com.mycompany.app.AddRemainder" name="addRemainderWithDueDate" time="15.617">
    <failure type="org.openqa.selenium.TimeoutException" message="Expected condition failed: waiting for element found by By.xpath: //android.widget.ImageView[@content-desc=&amp;apos;Home&amp;apos;]/preceding-sibling::android.widget.Button[1] to be clickable, but the element was not found: org.openqa.selenium.NoSuchElementException: An element could not be located on the page using the given search parameters..
(tried for 15 seconds with 500 milliseconds interval)
Build info: version: &amp;apos;4.43.0&amp;apos;, revision: &amp;apos;dd0f534&amp;apos;
System info: os.name: &amp;apos;Linux&amp;apos;, os.arch: &amp;apos;amd64&amp;apos;, os.version: &amp;apos;6.17.0-20-generic&amp;apos;, java.version: &amp;apos;21.0.10&amp;apos;
Driver info: io.appium.java_client.android.AndroidDriver
Capabilities {appium:appActivity: .MainActivity, appium:appPackage: satheia.app.ai, appium:appWaitDuration: 60000, appium:autoGrantPermissions: true, appium:automationName: UiAutomator2, appium:databaseEnabled: false, appium:desired: {appActivity: .MainActivity, appPackage: satheia.app.ai, appWaitDuration: 60000, autoGrantPermissions: true, automationName: UiAutomator2, deviceName: b87adca4e724, noReset: true, platformName: ANDROID, platformVersion: 15}, appium:deviceApiLevel: 35, appium:deviceManufacturer: Xiaomi, appium:deviceModel: 23076PC4BI, appium:deviceName: b87adca4e724, appium:deviceScreenDensity: 440, appium:deviceScreenSize: 1080x2460, appium:deviceUDID: b87adca4e724, appium:javascriptEnabled: true, appium:locationContextEnabled: false, appium:networkConnectionEnabled: true, appium:noReset: true, appium:pixelRatio: 2.75, appium:platformVersion: 15, appium:statBarHeight: 104, appium:takesScreenshot: true, appium:viewportRect: {height: 2356, left: 0, top: 104, width: 1080}, appium:warnings: {}, appium:webStorageEnabled: false, platformName: ANDROID}
Session ID: 156baa81-f89a-4718-be74-6ef23f950f59">
      <![CDATA[org.openqa.selenium.TimeoutException: Expected condition failed: waiting for element found by By.xpath: //android.widget.ImageView[@content-desc='Home']/preceding-sibling::android.widget.Button[1] to be clickable, but the element was not found: org.openqa.selenium.NoSuchElementException: An element could not be located on the page using the given search parameters..
(tried for 15 seconds with 500 milliseconds interval)
Build info: version: '4.43.0', revision: 'dd0f534'
System info: os.name: 'Linux', os.arch: 'amd64', os.version: '6.17.0-20-generic', java.version: '21.0.10'
Driver info: io.appium.java_client.android.AndroidDriver
Capabilities {appium:appActivity: .MainActivity, appium:appPackage: satheia.app.ai, appium:appWaitDuration: 60000, appium:autoGrantPermissions: true, appium:automationName: UiAutomator2, appium:databaseEnabled: false, appium:desired: {appActivity: .MainActivity, appPackage: satheia.app.ai, appWaitDuration: 60000, autoGrantPermissions: true, automationName: UiAutomator2, deviceName: b87adca4e724, noReset: true, platformName: ANDROID, platformVersion: 15}, appium:deviceApiLevel: 35, appium:deviceManufacturer: Xiaomi, appium:deviceModel: 23076PC4BI, appium:deviceName: b87adca4e724, appium:deviceScreenDensity: 440, appium:deviceScreenSize: 1080x2460, appium:deviceUDID: b87adca4e724, appium:javascriptEnabled: true, appium:locationContextEnabled: false, appium:networkConnectionEnabled: true, appium:noReset: true, appium:pixelRatio: 2.75, appium:platformVersion: 15, appium:statBarHeight: 104, appium:takesScreenshot: true, appium:viewportRect: {height: 2356, left: 0, top: 104, width: 1080}, appium:warnings: {}, appium:webStorageEnabled: false, platformName: ANDROID}
Session ID: 156baa81-f89a-4718-be74-6ef23f950f59
at org.openqa.selenium.support.ui.WebDriverWait.timeoutException(WebDriverWait.java:85)
at org.openqa.selenium.support.ui.FluentWait.until(FluentWait.java:234)
at com.mycompany.app.AddRemainder.click(AddRemainder.java:173)
at com.mycompany.app.AddRemainder.openAddReminderScreen(AddRemainder.java:58)
at com.mycompany.app.AddRemainder.addRemainderWithDueDate(AddRemainder.java:47)
at java.base/java.util.ArrayList.forEach(ArrayList.java:1596)
... Removed 29 stack frames]]>
    </failure>
  </testcase> <!-- addRemainderWithDueDate -->
</testsuite> <!-- Login Tests -->
