<?xml version="1.0" encoding="UTF-8"?>
<!-- Generated by org.testng.reporters.JUnitXMLReporter -->
<testsuite ignored="0" hostname="wws-cpu-202212-36" failures="1" tests="1" name="Remainder Tests" time="66.886" errors="0" timestamp="2026-04-17T17:36:40 IST">
  <testcase classname="com.mycompany.app.AddRemainder" name="addRemainderWithDueDate" time="61.645">
    <failure type="java.lang.AssertionError" message="Failed to verify successful save.">
      <![CDATA[java.lang.AssertionError: Failed to verify successful save.
at com.mycompany.app.AddRemainder.saveReminder(AddRemainder.java:182)
at com.mycompany.app.AddRemainder.addRemainderWithDueDate(AddRemainder.java:57)
at java.base/java.util.ArrayList.forEach(ArrayList.java:1596)
... Removed 30 stack frames]]>
    </failure>
  </testcase> <!-- addRemainderWithDueDate -->
</testsuite> <!-- Remainder Tests -->
