<?xml version="1.0" encoding="UTF-8"?>
<testng-results ignored="0" total="1" passed="0" failed="1" skipped="0">
  <reporter-output>
  </reporter-output>
  <suite started-at="2026-04-17T17:35:33 IST" name="Appium Automation Suite" finished-at="2026-04-17T17:36:40 IST" duration-ms="66886">
    <groups>
    </groups>
    <test started-at="2026-04-17T17:35:33 IST" name="Remainder Tests" finished-at="2026-04-17T17:36:40 IST" duration-ms="66886">
      <class name="com.mycompany.app.AddRemainder">
        <test-method is-config="true" signature="setup()[pri:0, instance:com.mycompany.app.AddRemainder@6c80d78a]" started-at="2026-04-17T17:35:33 IST" name="setup" finished-at="2026-04-17T17:35:36 IST" duration-ms="3525" status="PASS">
          <reporter-output>
          </reporter-output>
        </test-method> <!-- setup -->
        <test-method is-config="true" signature="setupTest()[pri:0, instance:com.mycompany.app.AddRemainder@6c80d78a]" started-at="2026-04-17T17:35:36 IST" name="setupTest" finished-at="2026-04-17T17:35:37 IST" duration-ms="410" status="PASS">
          <reporter-output>
          </reporter-output>
        </test-method> <!-- setupTest -->
        <test-method signature="addRemainderWithDueDate()[pri:0, instance:com.mycompany.app.AddRemainder@6c80d78a]" started-at="2026-04-17T17:35:37 IST" name="addRemainderWithDueDate" finished-at="2026-04-17T17:36:39 IST" duration-ms="61645" status="FAIL">
          <exception class="java.lang.AssertionError">
            <message>
              <![CDATA[Failed to verify successful save.]]>
            </message>
            <full-stacktrace>
              <![CDATA[java.lang.AssertionError: Failed to verify successful save.
at org.testng.Assert.fail(Assert.java:111)
at com.mycompany.app.AddRemainder.saveReminder(AddRemainder.java:182)
at com.mycompany.app.AddRemainder.addRemainderWithDueDate(AddRemainder.java:57)
at java.base/jdk.internal.reflect.DirectMethodHandleAccessor.invoke(DirectMethodHandleAccessor.java:103)
at java.base/java.lang.reflect.Method.invoke(Method.java:580)
at org.testng.internal.invokers.MethodInvocationHelper.invokeMethod(MethodInvocationHelper.java:139)
at org.testng.internal.invokers.TestInvoker.invokeMethod(TestInvoker.java:664)
at org.testng.internal.invokers.TestInvoker.invokeTestMethod(TestInvoker.java:228)
at org.testng.internal.invokers.MethodRunner.runInSequence(MethodRunner.java:63)
at org.testng.internal.invokers.TestInvoker$MethodInvocationAgent.invoke(TestInvoker.java:961)
at org.testng.internal.invokers.TestInvoker.invokeTestMethods(TestInvoker.java:201)
at org.testng.internal.invokers.TestMethodWorker.invokeTestMethods(TestMethodWorker.java:148)
at org.testng.internal.invokers.TestMethodWorker.run(TestMethodWorker.java:128)
at java.base/java.util.ArrayList.forEach(ArrayList.java:1596)
at org.testng.TestRunner.privateRun(TestRunner.java:819)
at org.testng.TestRunner.run(TestRunner.java:619)
at org.testng.SuiteRunner.runTest(SuiteRunner.java:443)
at org.testng.SuiteRunner.runSequentially(SuiteRunner.java:437)
at org.testng.SuiteRunner.privateRun(SuiteRunner.java:397)
at org.testng.SuiteRunner.run(SuiteRunner.java:336)
at org.testng.SuiteRunnerWorker.runSuite(SuiteRunnerWorker.java:52)
at org.testng.SuiteRunnerWorker.run(SuiteRunnerWorker.java:95)
at org.testng.TestNG.runSuitesSequentially(TestNG.java:1301)
at org.testng.TestNG.runSuitesLocally(TestNG.java:1228)
at org.testng.TestNG.runSuites(TestNG.java:1134)
at org.testng.TestNG.run(TestNG.java:1101)
at org.apache.maven.surefire.testng.TestNGExecutor.run(TestNGExecutor.java:308)
at org.apache.maven.surefire.testng.TestNGXmlTestSuite.execute(TestNGXmlTestSuite.java:71)
at org.apache.maven.surefire.testng.TestNGProvider.invoke(TestNGProvider.java:113)
at org.apache.maven.surefire.booter.ForkedBooter.runSuitesInProcess(ForkedBooter.java:385)
at org.apache.maven.surefire.booter.ForkedBooter.execute(ForkedBooter.java:162)
at org.apache.maven.surefire.booter.ForkedBooter.run(ForkedBooter.java:507)
at org.apache.maven.surefire.booter.ForkedBooter.main(ForkedBooter.java:495)
]]>
            </full-stacktrace>
          </exception> <!-- java.lang.AssertionError -->
          <reporter-output>
          </reporter-output>
        </test-method> <!-- addRemainderWithDueDate -->
        <test-method is-config="true" signature="screenshotOnFailure(org.testng.ITestResult)[pri:0, instance:com.mycompany.app.AddRemainder@6c80d78a]" started-at="2026-04-17T17:36:39 IST" name="screenshotOnFailure" finished-at="2026-04-17T17:36:39 IST" duration-ms="903" status="PASS">
          <params>
            <param index="0">
              <value>
                <![CDATA[[TestResult name=addRemainderWithDueDate status=FAILURE method=AddRemainder.addRemainderWithDueDate()[pri:0, instance:com.mycompany.app.AddRemainder@6c80d78a] output={null}]]]>
              </value>
            </param>
          </params>
          <reporter-output>
          </reporter-output>
        </test-method> <!-- screenshotOnFailure -->
        <test-method is-config="true" signature="teardown()[pri:0, instance:com.mycompany.app.AddRemainder@6c80d78a]" started-at="2026-04-17T17:36:39 IST" name="teardown" finished-at="2026-04-17T17:36:40 IST" duration-ms="380" status="PASS">
          <reporter-output>
          </reporter-output>
        </test-method> <!-- teardown -->
      </class> <!-- com.mycompany.app.AddRemainder -->
    </test> <!-- Remainder Tests -->
  </suite> <!-- Appium Automation Suite -->
</testng-results>
