<?xml version="1.0" encoding="UTF-8"?>
<!-- Generated by org.testng.reporters.JUnitReportReporter -->
<testsuite hostname="wws-cpu-202212-36" failures="0" tests="12" name="com.mycompany.app.EditProfileTest" time="53.766" errors="1" timestamp="2026-04-17T15:58:16 IST" skipped="11">
  <testcase classname="com.mycompany.app.EditProfileTest" name="setupTest" time="53.766">
    <error message="Expected condition failed: waiting for visibility of element found by By.xpath: //*[@text=&#039;Enter your email&#039; or @content-desc=&#039;Enter your email&#039;], but... org.openqa.selenium.NoSuchElementException: An element could not be located on the page using the given search parameters..
(tried for 20 seconds with 500 milliseconds interval)
Build info: version: &#039;4.43.0&#039;, revision: &#039;dd0f534&#039;
System info: os.name: &#039;Linux&#039;, os.arch: &#039;amd64&#039;, os.version: &#039;6.17.0-20-generic&#039;, java.version: &#039;21.0.10&#039;
Driver info: io.appium.java_client.android.AndroidDriver
Capabilities {appium:appActivity: .MainActivity, appium:appPackage: satheia.app.ai, appium:appWaitDuration: 60000, appium:autoGrantPermissions: true, appium:automationName: UiAutomator2, appium:databaseEnabled: false, appium:desired: {appActivity: .MainActivity, appPackage: satheia.app.ai, appWaitDuration: 60000, autoGrantPermissions: true, automationName: UiAutomator2, deviceName: R9ZY20S3CJA, noReset: true, platformName: ANDROID, platformVersion: 16}, appium:deviceApiLevel: 36, appium:deviceManufacturer: samsung, appium:deviceModel: SM-E166P, appium:deviceName: R9ZY20S3CJA, appium:deviceScreenDensity: 420, appium:deviceScreenSize: 1080x2340, appium:deviceUDID: R9ZY20S3CJA, appium:javascriptEnabled: true, appium:locationContextEnabled: false, appium:networkConnectionEnabled: true, appium:noReset: true, appium:pixelRatio: 2.625, appium:platformVersion: 16, appium:statBarHeight: 96, appium:takesScreenshot: true, appium:viewportRect: {height: 2244, left: 0, top: 96, width: 1080}, appium:warnings: {}, appium:webStorageEnabled: false, platformName: ANDROID}
Session ID: 548b0b20-0a1d-4023-8e63-831606f79c84" type="org.openqa.selenium.TimeoutException">
      <![CDATA[org.openqa.selenium.TimeoutException: Expected condition failed: waiting for visibility of element found by By.xpath: //*[@text='Enter your email' or @content-desc='Enter your email'], but... org.openqa.selenium.NoSuchElementException: An element could not be located on the page using the given search parameters..
(tried for 20 seconds with 500 milliseconds interval)
Build info: version: '4.43.0', revision: 'dd0f534'
System info: os.name: 'Linux', os.arch: 'amd64', os.version: '6.17.0-20-generic', java.version: '21.0.10'
Driver info: io.appium.java_client.android.AndroidDriver
Capabilities {appium:appActivity: .MainActivity, appium:appPackage: satheia.app.ai, appium:appWaitDuration: 60000, appium:autoGrantPermissions: true, appium:automationName: UiAutomator2, appium:databaseEnabled: false, appium:desired: {appActivity: .MainActivity, appPackage: satheia.app.ai, appWaitDuration: 60000, autoGrantPermissions: true, automationName: UiAutomator2, deviceName: R9ZY20S3CJA, noReset: true, platformName: ANDROID, platformVersion: 16}, appium:deviceApiLevel: 36, appium:deviceManufacturer: samsung, appium:deviceModel: SM-E166P, appium:deviceName: R9ZY20S3CJA, appium:deviceScreenDensity: 420, appium:deviceScreenSize: 1080x2340, appium:deviceUDID: R9ZY20S3CJA, appium:javascriptEnabled: true, appium:locationContextEnabled: false, appium:networkConnectionEnabled: true, appium:noReset: true, appium:pixelRatio: 2.625, appium:platformVersion: 16, appium:statBarHeight: 96, appium:takesScreenshot: true, appium:viewportRect: {height: 2244, left: 0, top: 96, width: 1080}, appium:warnings: {}, appium:webStorageEnabled: false, platformName: ANDROID}
Session ID: 548b0b20-0a1d-4023-8e63-831606f79c84
at org.openqa.selenium.support.ui.WebDriverWait.timeoutException(WebDriverWait.java:85)
at org.openqa.selenium.support.ui.FluentWait.until(FluentWait.java:234)
at com.mycompany.app.LoginPage.login(LoginPage.java:96)
at com.mycompany.app.EditProfileTest.setupTest(EditProfileTest.java:21)
at java.base/jdk.internal.reflect.DirectMethodHandleAccessor.invoke(DirectMethodHandleAccessor.java:103)
at java.base/java.lang.reflect.Method.invoke(Method.java:580)
at org.testng.internal.invokers.MethodInvocationHelper.invokeMethod(MethodInvocationHelper.java:139)
at org.testng.internal.invokers.MethodInvocationHelper.invokeMethodConsideringTimeout(MethodInvocationHelper.java:69)
at org.testng.internal.invokers.ConfigInvoker.invokeConfigurationMethod(ConfigInvoker.java:393)
at org.testng.internal.invokers.ConfigInvoker.invokeConfigurations(ConfigInvoker.java:326)
at org.testng.internal.invokers.TestInvoker.runConfigMethods(TestInvoker.java:810)
at org.testng.internal.invokers.TestInvoker.invokeMethod(TestInvoker.java:578)
at org.testng.internal.invokers.TestInvoker.invokeTestMethod(TestInvoker.java:228)
at org.testng.internal.invokers.MethodRunner.runInSequence(MethodRunner.java:63)
at org.testng.internal.invokers.TestInvoker$MethodInvocationAgent.invoke(TestInvoker.java:961)
at org.testng.internal.invokers.TestInvoker.invokeTestMethods(TestInvoker.java:201)
at org.testng.internal.invokers.TestMethodWorker.invokeTestMethods(TestMethodWorker.java:148)
at org.testng.internal.invokers.TestMethodWorker.run(TestMethodWorker.java:128)
at java.base/java.util.ArrayList.forEach(ArrayList.java:1596)
at org.testng.TestRunner.privateRun(TestRunner.java:819)
at org.testng.TestRunner.run(TestRunner.java:619)
at org.testng.SuiteRunner.runTest(SuiteRunner.java:443)
at org.testng.SuiteRunner.runSequentially(SuiteRunner.java:437)
at org.testng.SuiteRunner.privateRun(SuiteRunner.java:397)
at org.testng.SuiteRunner.run(SuiteRunner.java:336)
at org.testng.SuiteRunnerWorker.runSuite(SuiteRunnerWorker.java:52)
at org.testng.SuiteRunnerWorker.run(SuiteRunnerWorker.java:95)
at org.testng.TestNG.runSuitesSequentially(TestNG.java:1301)
at org.testng.TestNG.runSuitesLocally(TestNG.java:1228)
at org.testng.TestNG.runSuites(TestNG.java:1134)
at org.testng.TestNG.run(TestNG.java:1101)
at org.apache.maven.surefire.testng.TestNGExecutor.run(TestNGExecutor.java:308)
at org.apache.maven.surefire.testng.TestNGXmlTestSuite.execute(TestNGXmlTestSuite.java:71)
at org.apache.maven.surefire.testng.TestNGProvider.invoke(TestNGProvider.java:113)
at org.apache.maven.surefire.booter.ForkedBooter.runSuitesInProcess(ForkedBooter.java:385)
at org.apache.maven.surefire.booter.ForkedBooter.execute(ForkedBooter.java:162)
at org.apache.maven.surefire.booter.ForkedBooter.run(ForkedBooter.java:507)
at org.apache.maven.surefire.booter.ForkedBooter.main(ForkedBooter.java:495)
]]>
    </error>
  </testcase> <!-- setupTest -->
  <testcase classname="com.mycompany.app.EditProfileTest" name="TC_EP_HAPPY_PATH" time="0.000">
    <skipped/>
  </testcase> <!-- TC_EP_HAPPY_PATH -->
  <testcase classname="com.mycompany.app.EditProfileTest" name="TC_EP_EMPTY_NAME" time="0.000">
    <skipped/>
  </testcase> <!-- TC_EP_EMPTY_NAME -->
  <testcase classname="com.mycompany.app.EditProfileTest" name="TC_EP_SHORT_NAME" time="0.000">
    <skipped/>
  </testcase> <!-- TC_EP_SHORT_NAME -->
  <testcase classname="com.mycompany.app.EditProfileTest" name="TC_EP_INVALID_CHARS_IN_NAME" time="0.000">
    <skipped/>
  </testcase> <!-- TC_EP_INVALID_CHARS_IN_NAME -->
  <testcase classname="com.mycompany.app.EditProfileTest" name="TC_EP_EMPTY_INCOME" time="0.000">
    <skipped/>
  </testcase> <!-- TC_EP_EMPTY_INCOME -->
  <testcase classname="com.mycompany.app.EditProfileTest" name="TC_EP_NEGATIVE_INCOME" time="0.000">
    <skipped/>
  </testcase> <!-- TC_EP_NEGATIVE_INCOME -->
  <testcase classname="com.mycompany.app.EditProfileTest" name="TC_EP_INCOME_LESS_THAN_EXPENSE" time="0.000">
    <skipped/>
  </testcase> <!-- TC_EP_INCOME_LESS_THAN_EXPENSE -->
  <testcase classname="com.mycompany.app.EditProfileTest" name="TC_EP_DECIMAL_VALIDATION" time="0.000">
    <skipped/>
  </testcase> <!-- TC_EP_DECIMAL_VALIDATION -->
  <testcase classname="com.mycompany.app.EditProfileTest" name="TC_EP_EMPTY_EXPENSES" time="0.000">
    <skipped/>
  </testcase> <!-- TC_EP_EMPTY_EXPENSES -->
  <testcase classname="com.mycompany.app.EditProfileTest" name="TC_EP_ZERO_EXPENSES" time="0.000">
    <skipped/>
  </testcase> <!-- TC_EP_ZERO_EXPENSES -->
  <testcase classname="com.mycompany.app.EditProfileTest" name="TC_EP_SAVE_WITHOUT_CHANGES" time="0.000">
    <skipped/>
  </testcase> <!-- TC_EP_SAVE_WITHOUT_CHANGES -->
</testsuite> <!-- com.mycompany.app.EditProfileTest -->
